Arguments: 
  C:\Program Files\nodejs\node.exe C:\Program Files (x86)\Yarn\bin\yarn.js init

PATH: 
  C:\Program Files\Git\mingw64\bin;C:\Program Files\Git\usr\bin;C:\Users\Haru\bin;C:\Program Files (x86)\Intel\iCLS Client;C:\Program Files\Intel\iCLS Client;C:\Program Files (x86)\Common Files\Oracle\Java\javapath;C:\WINDOWS\system32;C:\WINDOWS;C:\WINDOWS\System32\Wbem;C:\WINDOWS\System32\WindowsPowerShell\v1.0;C:\WINDOWS\System32\OpenSSH;C:\Program Files\Intel\Intel(R) Management Engine Components\DAL;C:\Program Files (x86)\Intel\Intel(R) Management Engine Components\DAL;C:\Program Files\Intel\Intel(R) Management Engine Components\IPT;C:\Program Files (x86)\Intel\Intel(R) Management Engine Components\IPT;C:\Program Files\Git\cmd;C:\Program Files\Amazon\AWSCLI\bin;C:\Program Files\nodejs;C:\ProgramData\chocolatey\bin;C:\Program Files (x86)\Yarn\bin;C:\Program Files\Docker\Docker\resources\bin;C:\ProgramData\DockerDesktop\version-bin;C:\Users\Haru\.windows-build-tools\python27;C:\Users\Haru\AppData\Local\Programs\Python\Python37\Scripts;C:\Users\Haru\AppData\Local\Programs\Python\Python37;C:\Users\Haru\AppData\Local\Programs\Python\Python38\Scripts;C:\Users\Haru\AppData\Local\Programs\Python\Python38;C:\Users\Haru\AppData\Local\Microsoft\WindowsApps;C:\Users\Haru\AppData\Local\Programs\Microsoft VS Code\bin;C:\Users\Haru\AppData\Roaming\npm;C:\Users\Haru\AppData\Local\Yarn\bin

Yarn version: 
  1.22.4

Node version: 
  12.16.2

Platform: 
  win32 x64

Trace: 
  Error: canceled
      at Interface.<anonymous> (C:\Program Files (x86)\Yarn\lib\cli.js:137008:13)
      at Interface.emit (events.js:310:20)
      at Interface._ttyWrite (readline.js:893:16)
      at ReadStream.onkeypress (readline.js:198:10)
      at ReadStream.emit (events.js:310:20)
      at emitKeys (internal/readline/utils.js:438:14)
      at emitKeys.next (<anonymous>)
      at ReadStream.onData (readline.js:1160:36)
      at ReadStream.emit (events.js:310:20)
      at addChunk (_stream_readable.js:286:12)

npm manifest: 
  No manifest

yarn manifest: 
  No manifest

Lockfile: 
  No lockfile
